0 info it worked if it ends with ok
1 verbose cli [ '/mnt/c/Users/h_oyagi/.nodebrew/node/v6.3.1/bin/node',
1 verbose cli   '/mnt/c/Users/h_oyagi/.nodebrew/current/bin/npm',
1 verbose cli   'run',
1 verbose cli   'build' ]
2 info using npm@3.10.3
3 info using node@v6.3.1
4 verbose run-script [ 'prebuild', 'build', 'postbuild' ]
5 info lifecycle breaking_blocks@1.0.0~prebuild: breaking_blocks@1.0.0
6 silly lifecycle breaking_blocks@1.0.0~prebuild: no script for prebuild, continuing
7 info lifecycle breaking_blocks@1.0.0~build: breaking_blocks@1.0.0
8 verbose lifecycle breaking_blocks@1.0.0~build: unsafe-perm in lifecycle true
9 verbose lifecycle breaking_blocks@1.0.0~build: PATH: /mnt/c/Users/h_oyagi/.nodebrew/node/v6.3.1/lib/node_modules/npm/bin/node-gyp-bin:/mnt/c/Users/h_oyagi/Documents/GitHub/breaking_blocks/node_modules/.bin:/mnt/c/Users/h_oyagi/.nodebrew/node/v6.3.1/bin:/mnt/c/Users/h_oyagi/.nodebrew/current/bin:/usr/local/sbin:/usr/local/bin:/usr/sbin:/usr/bin:/sbin:/bin:/usr/games:/usr/local/games:/mnt/c/Program Files (x86)/Common Files/Oracle/Java/javapath:/mnt/c/Program Files (x86)/Intel/iCLS Client:/mnt/c/Program Files/Intel/iCLS Client:/mnt/c/Windows/System32:/mnt/c/Windows:/mnt/c/Windows/System32/wbem:/mnt/c/Windows/System32/WindowsPowerShell/v1.0:/mnt/c/Program Files (x86)/Intel/Intel(R) Management Engine Components/DAL:/mnt/c/Program Files/Intel/Intel(R) Management Engine Components/DAL:/mnt/c/Program Files (x86)/Intel/Intel(R) Management Engine Components/IPT:/mnt/c/Program Files/Intel/Intel(R) Management Engine Components/IPT:/mnt/c/Program Files/Git/cmd:/mnt/c/Windows/System32/OpenSSH:/mnt/c/Program Files/Microsoft VS Code/bin:/mnt/c/Users/h_oyagi/AppData/Local/Microsoft/WindowsApps:/mnt/c/Program Files/Microsoft VS Code/bin:/mnt/c/Users/h_oyagi/AppData/Local/Programs/Fiddler:/mnt/c/Users/h_oyagi/AppData/Local/hyper/app-3.0.2/resources/bin:/snap/bin
10 verbose lifecycle breaking_blocks@1.0.0~build: CWD: /mnt/c/Users/h_oyagi/Documents/GitHub/breaking_blocks
11 silly lifecycle breaking_blocks@1.0.0~build: Args: [ '-c', 'webpack --config webpack.config.js' ]
12 silly lifecycle breaking_blocks@1.0.0~build: Returned: code: 2  signal: null
13 info lifecycle breaking_blocks@1.0.0~build: Failed to exec build script
14 verbose stack Error: breaking_blocks@1.0.0 build: `webpack --config webpack.config.js`
14 verbose stack Exit status 2
14 verbose stack     at EventEmitter.<anonymous> (/mnt/c/Users/h_oyagi/.nodebrew/node/v6.3.1/lib/node_modules/npm/lib/utils/lifecycle.js:242:16)
14 verbose stack     at emitTwo (events.js:106:13)
14 verbose stack     at EventEmitter.emit (events.js:191:7)
14 verbose stack     at ChildProcess.<anonymous> (/mnt/c/Users/h_oyagi/.nodebrew/node/v6.3.1/lib/node_modules/npm/lib/utils/spawn.js:40:14)
14 verbose stack     at emitTwo (events.js:106:13)
14 verbose stack     at ChildProcess.emit (events.js:191:7)
14 verbose stack     at maybeClose (internal/child_process.js:852:16)
14 verbose stack     at Process.ChildProcess._handle.onexit (internal/child_process.js:215:5)
15 verbose pkgid breaking_blocks@1.0.0
16 verbose cwd /mnt/c/Users/h_oyagi/Documents/GitHub/breaking_blocks
17 error Linux 4.4.0-17763-Microsoft
18 error argv "/mnt/c/Users/h_oyagi/.nodebrew/node/v6.3.1/bin/node" "/mnt/c/Users/h_oyagi/.nodebrew/current/bin/npm" "run" "build"
19 error node v6.3.1
20 error npm  v3.10.3
21 error code ELIFECYCLE
22 error breaking_blocks@1.0.0 build: `webpack --config webpack.config.js`
22 error Exit status 2
23 error Failed at the breaking_blocks@1.0.0 build script 'webpack --config webpack.config.js'.
23 error Make sure you have the latest version of node.js and npm installed.
23 error If you do, this is most likely a problem with the breaking_blocks package,
23 error not with npm itself.
23 error Tell the author that this fails on your system:
23 error     webpack --config webpack.config.js
23 error You can get information on how to open an issue for this project with:
23 error     npm bugs breaking_blocks
23 error Or if that isn't available, you can get their info via:
23 error     npm owner ls breaking_blocks
23 error There is likely additional logging output above.
24 verbose exit [ 1, true ]
